0 info it worked if it ends with ok
1 verbose cli [ '/Users/jeremygreer/.nvm/versions/node/v6.0.0/bin/node',
1 verbose cli   '/Users/jeremygreer/.nvm/versions/node/v6.0.0/bin/npm',
1 verbose cli   'i',
1 verbose cli   '-g',
1 verbose cli   'babel-node' ]
2 info using npm@3.8.6
3 info using node@v6.0.0
4 silly loadCurrentTree Starting
5 silly install loadCurrentTree
6 silly install readGlobalPackageData
7 silly fetchPackageMetaData babel-node
8 silly fetchNamedPackageData babel-node
9 silly mapToRegistry name babel-node
10 silly mapToRegistry using default registry
11 silly mapToRegistry registry https://registry.npmjs.org/
12 silly mapToRegistry data Result {
12 silly mapToRegistry   raw: 'babel-node',
12 silly mapToRegistry   scope: null,
12 silly mapToRegistry   name: 'babel-node',
12 silly mapToRegistry   rawSpec: '',
12 silly mapToRegistry   spec: 'latest',
12 silly mapToRegistry   type: 'tag' }
13 silly mapToRegistry uri https://registry.npmjs.org/babel-node
14 verbose request uri https://registry.npmjs.org/babel-node
15 verbose request no auth needed
16 info attempt registry request try #1 at 12:49:15 PM
17 verbose request using bearer token for auth
18 verbose request id b862001d936b1811
19 http request GET https://registry.npmjs.org/babel-node
20 http 404 https://registry.npmjs.org/babel-node
21 verbose headers { 'content-type': 'application/json',
21 verbose headers   'cache-control': 'max-age=0',
21 verbose headers   'content-length': '2',
21 verbose headers   'accept-ranges': 'bytes',
21 verbose headers   date: 'Wed, 25 May 2016 16:49:16 GMT',
21 verbose headers   via: '1.1 varnish',
21 verbose headers   connection: 'keep-alive',
21 verbose headers   'x-served-by': 'cache-atl6230-ATL',
21 verbose headers   'x-cache': 'MISS',
21 verbose headers   'x-cache-hits': '0',
21 verbose headers   'x-timer': 'S1464194956.241628,VS0,VE99',
21 verbose headers   vary: 'Accept-Encoding' }
22 silly get cb [ 404,
22 silly get   { 'content-type': 'application/json',
22 silly get     'cache-control': 'max-age=0',
22 silly get     'content-length': '2',
22 silly get     'accept-ranges': 'bytes',
22 silly get     date: 'Wed, 25 May 2016 16:49:16 GMT',
22 silly get     via: '1.1 varnish',
22 silly get     connection: 'keep-alive',
22 silly get     'x-served-by': 'cache-atl6230-ATL',
22 silly get     'x-cache': 'MISS',
22 silly get     'x-cache-hits': '0',
22 silly get     'x-timer': 'S1464194956.241628,VS0,VE99',
22 silly get     vary: 'Accept-Encoding' } ]
23 silly fetchPackageMetaData Error: Registry returned 404 for GET on https://registry.npmjs.org/babel-node
23 silly fetchPackageMetaData     at makeError (/Users/jeremygreer/.nvm/versions/node/v6.0.0/lib/node_modules/npm/node_modules/npm-registry-client/lib/request.js:264:12)
23 silly fetchPackageMetaData     at CachingRegistryClient.<anonymous> (/Users/jeremygreer/.nvm/versions/node/v6.0.0/lib/node_modules/npm/node_modules/npm-registry-client/lib/request.js:242:14)
23 silly fetchPackageMetaData     at Request._callback (/Users/jeremygreer/.nvm/versions/node/v6.0.0/lib/node_modules/npm/node_modules/npm-registry-client/lib/request.js:172:14)
23 silly fetchPackageMetaData     at Request.self.callback (/Users/jeremygreer/.nvm/versions/node/v6.0.0/lib/node_modules/npm/node_modules/request/request.js:199:22)
23 silly fetchPackageMetaData     at emitTwo (events.js:106:13)
23 silly fetchPackageMetaData     at Request.emit (events.js:191:7)
23 silly fetchPackageMetaData     at Request.<anonymous> (/Users/jeremygreer/.nvm/versions/node/v6.0.0/lib/node_modules/npm/node_modules/request/request.js:1036:10)
23 silly fetchPackageMetaData     at emitOne (events.js:101:20)
23 silly fetchPackageMetaData     at Request.emit (events.js:188:7)
23 silly fetchPackageMetaData     at IncomingMessage.<anonymous> (/Users/jeremygreer/.nvm/versions/node/v6.0.0/lib/node_modules/npm/node_modules/request/request.js:963:12)
23 silly fetchPackageMetaData  error for babel-node { Error: Registry returned 404 for GET on https://registry.npmjs.org/babel-node
23 silly fetchPackageMetaData     at makeError (/Users/jeremygreer/.nvm/versions/node/v6.0.0/lib/node_modules/npm/node_modules/npm-registry-client/lib/request.js:264:12)
23 silly fetchPackageMetaData     at CachingRegistryClient.<anonymous> (/Users/jeremygreer/.nvm/versions/node/v6.0.0/lib/node_modules/npm/node_modules/npm-registry-client/lib/request.js:242:14)
23 silly fetchPackageMetaData     at Request._callback (/Users/jeremygreer/.nvm/versions/node/v6.0.0/lib/node_modules/npm/node_modules/npm-registry-client/lib/request.js:172:14)
23 silly fetchPackageMetaData     at Request.self.callback (/Users/jeremygreer/.nvm/versions/node/v6.0.0/lib/node_modules/npm/node_modules/request/request.js:199:22)
23 silly fetchPackageMetaData     at emitTwo (events.js:106:13)
23 silly fetchPackageMetaData     at Request.emit (events.js:191:7)
23 silly fetchPackageMetaData     at Request.<anonymous> (/Users/jeremygreer/.nvm/versions/node/v6.0.0/lib/node_modules/npm/node_modules/request/request.js:1036:10)
23 silly fetchPackageMetaData     at emitOne (events.js:101:20)
23 silly fetchPackageMetaData     at Request.emit (events.js:188:7)
23 silly fetchPackageMetaData     at IncomingMessage.<anonymous> (/Users/jeremygreer/.nvm/versions/node/v6.0.0/lib/node_modules/npm/node_modules/request/request.js:963:12) pkgid: 'babel-node', statusCode: 404, code: 'E404' }
24 silly rollbackFailedOptional Starting
25 silly rollbackFailedOptional Finishing
26 silly runTopLevelLifecycles Starting
27 silly runTopLevelLifecycles Finishing
28 silly install printInstalled
29 verbose stack Error: Registry returned 404 for GET on https://registry.npmjs.org/babel-node
29 verbose stack     at makeError (/Users/jeremygreer/.nvm/versions/node/v6.0.0/lib/node_modules/npm/node_modules/npm-registry-client/lib/request.js:264:12)
29 verbose stack     at CachingRegistryClient.<anonymous> (/Users/jeremygreer/.nvm/versions/node/v6.0.0/lib/node_modules/npm/node_modules/npm-registry-client/lib/request.js:242:14)
29 verbose stack     at Request._callback (/Users/jeremygreer/.nvm/versions/node/v6.0.0/lib/node_modules/npm/node_modules/npm-registry-client/lib/request.js:172:14)
29 verbose stack     at Request.self.callback (/Users/jeremygreer/.nvm/versions/node/v6.0.0/lib/node_modules/npm/node_modules/request/request.js:199:22)
29 verbose stack     at emitTwo (events.js:106:13)
29 verbose stack     at Request.emit (events.js:191:7)
29 verbose stack     at Request.<anonymous> (/Users/jeremygreer/.nvm/versions/node/v6.0.0/lib/node_modules/npm/node_modules/request/request.js:1036:10)
29 verbose stack     at emitOne (events.js:101:20)
29 verbose stack     at Request.emit (events.js:188:7)
29 verbose stack     at IncomingMessage.<anonymous> (/Users/jeremygreer/.nvm/versions/node/v6.0.0/lib/node_modules/npm/node_modules/request/request.js:963:12)
30 verbose statusCode 404
31 verbose pkgid babel-node
32 verbose cwd /Users/jeremygreer/code/compare-with-file
33 error Darwin 15.3.0
34 error argv "/Users/jeremygreer/.nvm/versions/node/v6.0.0/bin/node" "/Users/jeremygreer/.nvm/versions/node/v6.0.0/bin/npm" "i" "-g" "babel-node"
35 error node v6.0.0
36 error npm  v3.8.6
37 error code E404
38 error 404 Registry returned 404 for GET on https://registry.npmjs.org/babel-node
39 error 404
40 error 404 'babel-node' is not in the npm registry.
41 error 404 You should bug the author to publish it (or use the name yourself!)
42 error 404 Note that you can also install from a
43 error 404 tarball, folder, http url, or git url.
44 verbose exit [ 1, true ]
